<?xml version="1.0" encoding="UTF-8"?>
<testsuite xmlns:xsi="http://www.w3.org/2001/XMLSchema-instance" xsi:noNamespaceSchemaLocation="https://maven.apache.org/surefire/maven-surefire-plugin/xsd/surefire-test-report-3.0.xsd" version="3.0" name="problems.test.StudentProblemsTest" time="0.111" tests="6" errors="0" skipped="0" failures="0">
  <properties>
[...]
</properties>
  <testcase name="testCeilComValorEntreElementos" classname="problems.test.StudentProblemsTest" time="0.008"/>
  <testcase name="testCeilComValorExato" classname="problems.test.StudentProblemsTest" time="0.0"/>
  <testcase name="testFloorComValorEntreElementos" classname="problems.test.StudentProblemsTest" time="0.0"/>
  <testcase name="testFloorComValorExato" classname="problems.test.StudentProblemsTest" time="0.0"/>
  <testcase name="testSemCeil" classname="problems.test.StudentProblemsTest" time="0.001"/>
  <testcase name="testSemFloor" classname="problems.test.StudentProblemsTest" time="0.0"/>
</testsuite>